<?xml version="1.0" encoding="UTF-8"?>
<coverage generated="1721873127081" clover="3.2.0">
  <project timestamp="1721873127081" name="All files">
    <metrics statements="25" coveredstatements="23" conditionals="3" coveredconditionals="2" methods="2" coveredmethods="2" elements="30" coveredelements="27" complexity="0" loc="25" ncloc="25" packages="2" files="2" classes="2"/>
    <package name="helpers">
      <metrics statements="14" coveredstatements="14" conditionals="1" coveredconditionals="1" methods="1" coveredmethods="1"/>
      <file name="customException.ts" path="C:\Users\dusou\Documents\projetos-pessoais\desafio-api-rest-dock\src\helpers\customException.ts">
        <metrics statements="14" coveredstatements="14" conditionals="1" coveredconditionals="1" methods="1" coveredmethods="1"/>
        <line num="1" count="1" type="stmt"/>
        <line num="2" count="1" type="stmt"/>
        <line num="3" count="1" type="stmt"/>
        <line num="4" count="1" type="stmt"/>
        <line num="5" count="1" type="cond" truecount="1" falsecount="0"/>
        <line num="6" count="1" type="stmt"/>
        <line num="7" count="1" type="stmt"/>
        <line num="8" count="1" type="stmt"/>
        <line num="9" count="1" type="stmt"/>
        <line num="10" count="1" type="stmt"/>
        <line num="11" count="1" type="stmt"/>
        <line num="12" count="1" type="stmt"/>
        <line num="13" count="1" type="stmt"/>
        <line num="14" count="1" type="stmt"/>
      </file>
    </package>
    <package name="utils">
      <metrics statements="11" coveredstatements="9" conditionals="2" coveredconditionals="1" methods="1" coveredmethods="1"/>
      <file name="CpfValidate.ts" path="C:\Users\dusou\Documents\projetos-pessoais\desafio-api-rest-dock\src\utils\CpfValidate.ts">
        <metrics statements="11" coveredstatements="9" conditionals="2" coveredconditionals="1" methods="1" coveredmethods="1"/>
        <line num="1" count="1" type="stmt"/>
        <line num="2" count="1" type="stmt"/>
        <line num="3" count="1" type="stmt"/>
        <line num="4" count="1" type="cond" truecount="1" falsecount="0"/>
        <line num="5" count="1" type="stmt"/>
        <line num="6" count="1" type="stmt"/>
        <line num="7" count="1" type="stmt"/>
        <line num="8" count="1" type="stmt"/>
        <line num="9" count="1" type="stmt"/>
        <line num="10" count="0" type="cond" truecount="0" falsecount="1"/>
        <line num="11" count="0" type="stmt"/>
      </file>
    </package>
  </project>
</coverage>
